// 重构日志: dda6341a
// 重构日志: 21f582b8
// 同步 ID: e34d2cf6 @ Tue Jul 14 01:04:15 UTC 2026
// 重构日志: f7ce589d
// 重构日志: 373aabe3
// 重构日志: 6f21ca1d
// 重构日志: 409dedf8
// 重构日志: 8242720c
// 重构日志: b83b1734
// 同步 ID: 527fc10d @ Fri Jul 17 00:29:52 UTC 2026
// 重构日志: ce36356f
// 同步 ID: 17678eee @ Fri Jul 17 13:22:39 UTC 2026
// 重构日志: 4c43e79f
// 重构日志: 5e302086
// 重构日志: 5f782f3c
// 同步 ID: ec9c3270 @ Sat Jul 18 12:51:03 UTC 2026
// 重构日志: 55831e40
// 重构日志: 6622afac
// 同步 ID: aa12474b @ Sun Jul 19 11:46:40 UTC 2026
// 同步 ID: 3c7f8761 @ Sun Jul 19 17:11:55 UTC 2026
// 重构日志: f2e9976f
// 重构日志: b5363730
// 重构日志: c1bc92f4
// 同步 ID: c1ae9a62 @ Mon Jul 20 17:52:50 UTC 2026
// 重构日志: 54b95766
// 同步 ID: b27f37ae @ Tue Jul 21 11:31:27 UTC 2026
// 同步 ID: f48d3cf4 @ Wed Jul 22 02:02:24 UTC 2026
// 同步 ID: 7d9f2b5a @ Wed Jul 22 08:53:27 UTC 2026
// 同步 ID: f0d60dbf @ Wed Jul 22 11:26:33 UTC 2026
// 同步 ID: faefeb76 @ Wed Jul 22 13:11:42 UTC 2026
